#
# There is insufficient memory for the Java Runtime Environment to continue.
# Native memory allocation (mmap) failed to map 536870912 bytes for committing reserved memory.
# Possible reasons:
#   The system is out of physical RAM or swap space
#   In 32 bit mode, the process size limit was hit
# Possible solutions:
#   Reduce memory load on the system
#   Increase physical memory or swap space
#   Check if swap backing store is full
#   Use 64 bit Java on a 64 bit OS
#   Decrease Java heap size (-Xmx/-Xms)
#   Decrease number of Java threads
#   Decrease Java thread stack sizes (-Xss)
#   Set larger code cache with -XX:ReservedCodeCacheSize=
# This output file may be truncated or incomplete.
#
#  Out of Memory Error (os_linux.cpp:2643), pid=3577, tid=0x00007fbd03139700
#
# JRE version:  (8.0_181-b13) (build )
# Java VM: OpenJDK 64-Bit Server VM (25.181-b13 mixed mode linux-amd64 compressed oops)
# Failed to write core dump. Core dumps have been disabled. To enable core dumping, try "ulimit -c unlimited" before starting Java again
#

---------------  T H R E A D  ---------------

Current thread (0x00007fbcfc017000):  JavaThread "Unknown thread" [_thread_in_vm, id=3583, stack(0x00007fbd03039000,0x00007fbd0313a000)]

Stack: [0x00007fbd03039000,0x00007fbd0313a000],  sp=0x00007fbd03138610,  free space=1021k
Native frames: (J=compiled Java code, j=interpreted, Vv=VM code, C=native code)
V  [libjvm.so+0xa740a0]
V  [libjvm.so+0x4c9abc]
V  [libjvm.so+0x8c1dd8]
V  [libjvm.so+0x8bc37e]
V  [libjvm.so+0x93772e]
V  [libjvm.so+0x9281b3]
V  [libjvm.so+0x2b1421]
V  [libjvm.so+0x8e72d2]
V  [libjvm.so+0xa38331]
V  [libjvm.so+0xa38592]
V  [libjvm.so+0x61383f]
V  [libjvm.so+0xa1ce4a]
V  [libjvm.so+0x68d621]  JNI_CreateJavaVM+0x61
C  [libjli.so+0x2f06]
C  [libjli.so+0x753d]
C  [libpthread.so.0+0x7494]  start_thread+0xc4


---------------  P R O C E S S  ---------------

Java Threads: ( => current thread )

Other Threads:

=>0x00007fbcfc017000 (exited) JavaThread "Unknown thread" [_thread_in_vm, id=3583, stack(0x00007fbd03039000,0x00007fbd0313a000)]

VM state:not at safepoint (not fully initialized)

VM Mutex/Monitor currently owned by a thread: None

GC Heap History (0 events):
No events

Deoptimization events (0 events):
No events

Classes redefined (0 events):
No events

Internal exceptions (0 events):
No events

Events (0 events):
No events


Dynamic libraries:
f0000000-100000000 rw-p 00000000 00:00 0 
5643e9983000-5643e9984000 r-xp 00000000 08:01 136513                     /usr/lib/jvm/java-8-openjdk-amd64/jre/bin/java
5643e9b83000-5643e9b84000 r--p 00000000 08:01 136513                     /usr/lib/jvm/java-8-openjdk-amd64/jre/bin/java
5643e9b84000-5643e9b85000 rw-p 00001000 08:01 136513                     /usr/lib/jvm/java-8-openjdk-amd64/jre/bin/java
5643eb879000-5643eb89a000 rw-p 00000000 00:00 0                          [heap]
7fbcec280000-7fbcec380000 ---p 00000000 00:00 0 
7fbcec380000-7fbcec40b000 rw-p 00000000 00:00 0 
7fbcec40b000-7fbcec7c1000 ---p 00000000 00:00 0 
7fbcec7c1000-7fbceca31000 rwxp 00000000 00:00 0 
7fbceca31000-7fbcfb7c1000 ---p 00000000 00:00 0 
7fbcfb7c1000-7fbcfb7c9000 r-xp 00000000 08:01 136559                     /usr/lib/jvm/java-8-openjdk-amd64/jre/lib/amd64/libzip.so
7fbcfb7c9000-7fbcfb9c8000 ---p 00008000 08:01 136559                     /usr/lib/jvm/java-8-openjdk-amd64/jre/lib/amd64/libzip.so
7fbcfb9c8000-7fbcfb9c9000 r--p 00007000 08:01 136559                     /usr/lib/jvm/java-8-openjdk-amd64/jre/lib/amd64/libzip.so
7fbcfb9c9000-7fbcfb9ca000 rw-p 00008000 08:01 136559                     /usr/lib/jvm/java-8-openjdk-amd64/jre/lib/amd64/libzip.so
7fbcfb9ca000-7fbcfb9d4000 r-xp 00000000 08:01 262162                     /lib/x86_64-linux-gnu/libnss_files-2.24.so
7fbcfb9d4000-7fbcfbbd4000 ---p 0000a000 08:01 262162                     /lib/x86_64-linux-gnu/libnss_files-2.24.so
7fbcfbbd4000-7fbcfbbd5000 r--p 0000a000 08:01 262162                     /lib/x86_64-linux-gnu/libnss_files-2.24.so
7fbcfbbd5000-7fbcfbbd6000 rw-p 0000b000 08:01 262162                     /lib/x86_64-linux-gnu/libnss_files-2.24.so
7fbcfbbd6000-7fbcfbbdc000 rw-p 00000000 00:00 0 
7fbcfbbdc000-7fbcfbbe7000 r-xp 00000000 08:01 262164                     /lib/x86_64-linux-gnu/libnss_nis-2.24.so
7fbcfbbe7000-7fbcfbde6000 ---p 0000b000 08:01 262164                     /lib/x86_64-linux-gnu/libnss_nis-2.24.so
7fbcfbde6000-7fbcfbde7000 r--p 0000a000 08:01 262164                     /lib/x86_64-linux-gnu/libnss_nis-2.24.so
7fbcfbde7000-7fbcfbde8000 rw-p 0000b000 08:01 262164                     /lib/x86_64-linux-gnu/libnss_nis-2.24.so
7fbcfbde8000-7fbcfbdfc000 r-xp 00000000 08:01 262159                     /lib/x86_64-linux-gnu/libnsl-2.24.so
7fbcfbdfc000-7fbcfbffc000 ---p 00014000 08:01 262159                     /lib/x86_64-linux-gnu/libnsl-2.24.so
7fbcfbffc000-7fbcfbffd000 r--p 00014000 08:01 262159                     /lib/x86_64-linux-gnu/libnsl-2.24.so
7fbcfbffd000-7fbcfbffe000 rw-p 00015000 08:01 262159                     /lib/x86_64-linux-gnu/libnsl-2.24.so
7fbcfbffe000-7fbcfc000000 rw-p 00000000 00:00 0 
7fbcfc000000-7fbcfc03f000 rw-p 00000000 00:00 0 
7fbcfc03f000-7fbd00000000 ---p 00000000 00:00 0 
7fbd00106000-7fbd0010d000 r-xp 00000000 08:01 262160                     /lib/x86_64-linux-gnu/libnss_compat-2.24.so
7fbd0010d000-7fbd0030c000 ---p 00007000 08:01 262160                     /lib/x86_64-linux-gnu/libnss_compat-2.24.so
7fbd0030c000-7fbd0030d000 r--p 00006000 08:01 262160                     /lib/x86_64-linux-gnu/libnss_compat-2.24.so
7fbd0030d000-7fbd0030e000 rw-p 00007000 08:01 262160                     /lib/x86_64-linux-gnu/libnss_compat-2.24.so
7fbd0030e000-7fbd00318000 r-xp 00000000 08:01 136535                     /usr/lib/jvm/java-8-openjdk-amd64/jre/lib/amd64/libinstrument.so
7fbd00318000-7fbd00517000 ---p 0000a000 08:01 136535                     /usr/lib/jvm/java-8-openjdk-amd64/jre/lib/amd64/libinstrument.so
7fbd00517000-7fbd00518000 r--p 00009000 08:01 136535                     /usr/lib/jvm/java-8-openjdk-amd64/jre/lib/amd64/libinstrument.so
7fbd00518000-7fbd00519000 rw-p 0000a000 08:01 136535                     /usr/lib/jvm/java-8-openjdk-amd64/jre/lib/amd64/libinstrument.so
7fbd00519000-7fbd00546000 r-xp 00000000 08:01 136540                     /usr/lib/jvm/java-8-openjdk-amd64/jre/lib/amd64/libjava.so
7fbd00546000-7fbd00746000 ---p 0002d000 08:01 136540                     /usr/lib/jvm/java-8-openjdk-amd64/jre/lib/amd64/libjava.so
7fbd00746000-7fbd00747000 r--p 0002d000 08:01 136540                     /usr/lib/jvm/java-8-openjdk-amd64/jre/lib/amd64/libjava.so
7fbd00747000-7fbd00749000 rw-p 0002e000 08:01 136540                     /usr/lib/jvm/java-8-openjdk-amd64/jre/lib/amd64/libjava.so
7fbd00749000-7fbd00758000 r-xp 00000000 08:01 136558                     /usr/lib/jvm/java-8-openjdk-amd64/jre/lib/amd64/libverify.so
7fbd00758000-7fbd00958000 ---p 0000f000 08:01 136558                     /usr/lib/jvm/java-8-openjdk-amd64/jre/lib/amd64/libverify.so
7fbd00958000-7fbd0095a000 r--p 0000f000 08:01 136558                     /usr/lib/jvm/java-8-openjdk-amd64/jre/lib/amd64/libverify.so
7fbd0095a000-7fbd0095b000 rw-p 00011000 08:01 136558                     /usr/lib/jvm/java-8-openjdk-amd64/jre/lib/amd64/libverify.so
7fbd0095b000-7fbd00962000 r-xp 00000000 08:01 262169                     /lib/x86_64-linux-gnu/librt-2.24.so
7fbd00962000-7fbd00b61000 ---p 00007000 08:01 262169                     /lib/x86_64-linux-gnu/librt-2.24.so
7fbd00b61000-7fbd00b62000 r--p 00006000 08:01 262169                     /lib/x86_64-linux-gnu/librt-2.24.so
7fbd00b62000-7fbd00b63000 rw-p 00007000 08:01 262169                     /lib/x86_64-linux-gnu/librt-2.24.so
7fbd00b63000-7fbd00b79000 r-xp 00000000 08:01 262148                     /lib/x86_64-linux-gnu/libgcc_s.so.1
7fbd00b79000-7fbd00d78000 ---p 00016000 08:01 262148                     /lib/x86_64-linux-gnu/libgcc_s.so.1
7fbd00d78000-7fbd00d79000 r--p 00015000 08:01 262148                     /lib/x86_64-linux-gnu/libgcc_s.so.1
7fbd00d79000-7fbd00d7a000 rw-p 00016000 08:01 262148                     /lib/x86_64-linux-gnu/libgcc_s.so.1
7fbd00d7a000-7fbd00e7d000 r-xp 00000000 08:01 262156                     /lib/x86_64-linux-gnu/libm-2.24.so
7fbd00e7d000-7fbd0107c000 ---p 00103000 08:01 262156                     /lib/x86_64-linux-gnu/libm-2.24.so
7fbd0107c000-7fbd0107d000 r--p 00102000 08:01 262156                     /lib/x86_64-linux-gnu/libm-2.24.so
7fbd0107d000-7fbd0107e000 rw-p 00103000 08:01 262156                     /lib/x86_64-linux-gnu/libm-2.24.so
7fbd0107e000-7fbd011f0000 r-xp 00000000 08:01 922505                     /usr/lib/x86_64-linux-gnu/libstdc++.so.6.0.22
7fbd011f0000-7fbd013f0000 ---p 00172000 08:01 922505                     /usr/lib/x86_64-linux-gnu/libstdc++.so.6.0.22
7fbd013f0000-7fbd013fa000 r--p 00172000 08:01 922505                     /usr/lib/x86_64-linux-gnu/libstdc++.so.6.0.22
7fbd013fa000-7fbd013fc000 rw-p 0017c000 08:01 922505                     /usr/lib/x86_64-linux-gnu/libstdc++.so.6.0.22
7fbd013fc000-7fbd01400000 rw-p 00000000 00:00 0 
7fbd01400000-7fbd0205f000 r-xp 00000000 08:01 136562                     /usr/lib/jvm/java-8-openjdk-amd64/jre/lib/amd64/server/libjvm.so
7fbd0205f000-7fbd0225e000 ---p 00c5f000 08:01 136562                     /usr/lib/jvm/java-8-openjdk-amd64/jre/lib/amd64/server/libjvm.so
7fbd0225e000-7fbd022f2000 r--p 00c5e000 08:01 136562                     /usr/lib/jvm/java-8-openjdk-amd64/jre/lib/amd64/server/libjvm.so
7fbd022f2000-7fbd0231b000 rw-p 00cf2000 08:01 136562                     /usr/lib/jvm/java-8-openjdk-amd64/jre/lib/amd64/server/libjvm.so
7fbd0231b000-7fbd0234b000 rw-p 00000000 00:00 0 
7fbd0234b000-7fbd024e0000 r-xp 00000000 08:01 262152                     /lib/x86_64-linux-gnu/libc-2.24.so
7fbd024e0000-7fbd026e0000 ---p 00195000 08:01 262152                     /lib/x86_64-linux-gnu/libc-2.24.so
7fbd026e0000-7fbd026e4000 r--p 00195000 08:01 262152                     /lib/x86_64-linux-gnu/libc-2.24.so
7fbd026e4000-7fbd026e6000 rw-p 00199000 08:01 262152                     /lib/x86_64-linux-gnu/libc-2.24.so
7fbd026e6000-7fbd026ea000 rw-p 00000000 00:00 0 
7fbd026ea000-7fbd026ed000 r-xp 00000000 08:01 262155                     /lib/x86_64-linux-gnu/libdl-2.24.so
7fbd026ed000-7fbd028ec000 ---p 00003000 08:01 262155                     /lib/x86_64-linux-gnu/libdl-2.24.so
7fbd028ec000-7fbd028ed000 r--p 00002000 08:01 262155                     /lib/x86_64-linux-gnu/libdl-2.24.so
7fbd028ed000-7fbd028ee000 rw-p 00003000 08:01 262155                     /lib/x86_64-linux-gnu/libdl-2.24.so
7fbd028ee000-7fbd028fb000 r-xp 00000000 08:01 136526                     /usr/lib/jvm/java-8-openjdk-amd64/jre/lib/amd64/jli/libjli.so
7fbd028fb000-7fbd02afb000 ---p 0000d000 08:01 136526                     /usr/lib/jvm/java-8-openjdk-amd64/jre/lib/amd64/jli/libjli.so
7fbd02afb000-7fbd02afc000 r--p 0000d000 08:01 136526                     /usr/lib/jvm/java-8-openjdk-amd64/jre/lib/amd64/jli/libjli.so
7fbd02afc000-7fbd02afd000 rw-p 0000e000 08:01 136526                     /usr/lib/jvm/java-8-openjdk-amd64/jre/lib/amd64/jli/libjli.so
7fbd02afd000-7fbd02b16000 r-xp 00000000 08:01 262236                     /lib/x86_64-linux-gnu/libz.so.1.2.8
7fbd02b16000-7fbd02d15000 ---p 00019000 08:01 262236                     /lib/x86_64-linux-gnu/libz.so.1.2.8
7fbd02d15000-7fbd02d16000 r--p 00018000 08:01 262236                     /lib/x86_64-linux-gnu/libz.so.1.2.8
7fbd02d16000-7fbd02d17000 rw-p 00019000 08:01 262236                     /lib/x86_64-linux-gnu/libz.so.1.2.8
7fbd02d17000-7fbd02d2f000 r-xp 00000000 08:01 262167                     /lib/x86_64-linux-gnu/libpthread-2.24.so
7fbd02d2f000-7fbd02f2e000 ---p 00018000 08:01 262167                     /lib/x86_64-linux-gnu/libpthread-2.24.so
7fbd02f2e000-7fbd02f2f000 r--p 00017000 08:01 262167                     /lib/x86_64-linux-gnu/libpthread-2.24.so
7fbd02f2f000-7fbd02f30000 rw-p 00018000 08:01 262167                     /lib/x86_64-linux-gnu/libpthread-2.24.so
7fbd02f30000-7fbd02f34000 rw-p 00000000 00:00 0 
7fbd02f34000-7fbd02f57000 r-xp 00000000 08:01 262147                     /lib/x86_64-linux-gnu/ld-2.24.so
7fbd03039000-7fbd0303c000 ---p 00000000 00:00 0 
7fbd0303c000-7fbd0313c000 rw-p 00000000 00:00 0 
7fbd0314a000-7fbd03152000 rw-s 00000000 08:01 10657                      /tmp/hsperfdata_student/3577
7fbd03152000-7fbd03153000 rw-p 00000000 00:00 0 
7fbd03153000-7fbd03154000 r--p 00000000 00:00 0 
7fbd03154000-7fbd03157000 rw-p 00000000 00:00 0 
7fbd03157000-7fbd03158000 r--p 00023000 08:01 262147                     /lib/x86_64-linux-gnu/ld-2.24.so
7fbd03158000-7fbd03159000 rw-p 00024000 08:01 262147                     /lib/x86_64-linux-gnu/ld-2.24.so
7fbd03159000-7fbd0315a000 rw-p 00000000 00:00 0 
7ffd6f1bd000-7ffd6f1e4000 rw-p 00000000 00:00 0                          [stack]
7ffd6f1ea000-7ffd6f1ec000 r--p 00000000 00:00 0                          [vvar]
7ffd6f1ec000-7ffd6f1ee000 r-xp 00000000 00:00 0                          [vdso]
ffffffffff600000-ffffffffff601000 r-xp 00000000 00:00 0                  [vsyscall]

VM Arguments:
jvm_args: -Dendpoints.shutdown.enabled=true -Denv=development -Dfull.stacktrace=false -Dgrails.env=development -Dgrails.full.stacktrace=false -Dinfo.app.grailsVersion=3.3.9 -Dinfo.app.name=appointmentSystem -Dinfo.app.version=0.1 -Djdk.reflect.allowGetCallerClass=true -Drun.active=true -Dspring.output.ansi.enabled=always -Dspring.profiles.active -Dspringloaded=inclusions=grails.plugins..*;synchronize=true;allowSplitPackages=true;cacheDir=/home/student/assignment2/sheffSurgeries/appointmentSystem/build/springloaded -Dverbose=false -XX:+TieredCompilation -XX:TieredStopAtLevel=1 -XX:CICompilerCount=3 -javaagent:/home/student/.gradle/caches/modules-2/files-2.1/org.springframework/springloaded/1.2.8.RELEASE/b60bac05b0451cdc1863bfec617f39aa0dcaaa43/springloaded-1.2.8.RELEASE.jar -Xverify:none -Xms768m -Xmx768m -Dfile.encoding=UTF-8 -Duser.country=GB -Duser.language=en -Duser.variant 
java_command: appointmentsystem.Application
java_class_path (initial): /home/student/assignment2/sheffSurgeries/appointmentSystem/src/main/resources:/home/student/assignment2/sheffSurgeries/appointmentSystem/grails-app/views:/home/student/assignment2/sheffSurgeries/appointmentSystem/grails-app/i18n:/home/student/assignment2/sheffSurgeries/appointmentSystem/grails-app/conf:/home/student/assignment2/sheffSurgeries/appointmentSystem/build/classes/main:/home/student/assignment2/sheffSurgeries/appointmentSystem/build/resources/main:/home/student/assignment2/sheffSurgeries/appointmentSystem/gsp-classes:/home/student/.gradle/caches/modules-2/files-2.1/org.springframework.boot/spring-boot-starter-logging/1.5.18.RELEASE/f60df51b2b14ee57db5340cf230ccd8514407017/spring-boot-starter-logging-1.5.18.RELEASE.jar:/home/student/.gradle/caches/modules-2/files-2.1/org.springframework.boot/spring-boot-autoconfigure/1.5.18.RELEASE/7951dd1fe36dea4a64db6c2f7e14f0b1e0adb3ea/spring-boot-autoconfigure-1.5.18.RELEASE.jar:/home/student/.gradle/caches/modules-2/files-2.1/org.grails/grails-core/3.3.9/51a086528025dc387f0d6ad37d1b1f32d2dd0315/grails-core-3.3.9.jar:/home/student/.gradle/caches/modules-2/files-2.1/org.springframework.boot/spring-boot-starter-actuator/1.5.18.RELEASE/c4858eedec690e61e547646ce7ae77e6bdc58c1a/spring-boot-starter-actuator-1.5.18.RELEASE.jar:/home/student/.gradle/caches/modules-2/files-2.1/org.springframework.boot/spring-boot-starter-tomcat/1.5.18.RELEASE/a9698317aa43178ae5f09ae015a828f9919a878c/spring-boot-starter-tomcat-1.5.18.RELEASE.jar:/home/student/.gradle/caches/modules-2/files-2.1/org.grails/grails-web-boot/3.3.9/11705ab16f846a5c8b62de2fe1c94885e27f0be7/grails-web-boot-3.3.9.jar:/home/student/.gradle/caches/modules-2/files-2.1/org.grails/grails-logging/3.3.9/e92409153e4b910a94f7a19dcd5a088c0037473d/grails-logging-3.3.9.jar:/home/student/.gradle/caches/modules-2/files-2.1/org.grails/grails-plugin-rest/3.3.9/e81a338b50e2fe4e0ff094498ba3bf7404d99c94/grails-plugin-rest-3.3.9.jar:/home/student/.gradle/caches/m
Launcher Type: SUN_STANDARD

Environment Variables:
PATH=/home/student/.sdkman/candidates/grails/current/bin:/usr/local/bin:/usr/bin:/bin:/usr/local/games:/usr/games
USERNAME=student
SHELL=/bin/bash
DISPLAY=:0

Signal Handlers:
SIGSEGV: [libjvm.so+0xa74b40], sa_mask[0]=11111111011111111101111111111110, sa_flags=SA_RESTART|SA_SIGINFO
SIGBUS: [libjvm.so+0xa74b40], sa_mask[0]=11111111011111111101111111111110, sa_flags=SA_RESTART|SA_SIGINFO
SIGFPE: [libjvm.so+0x8bd510], sa_mask[0]=11111111011111111101111111111110, sa_flags=SA_RESTART|SA_SIGINFO
SIGPIPE: [libjvm.so+0x8bd510], sa_mask[0]=11111111011111111101111111111110, sa_flags=SA_RESTART|SA_SIGINFO
SIGXFSZ: [libjvm.so+0x8bd510], sa_mask[0]=11111111011111111101111111111110, sa_flags=SA_RESTART|SA_SIGINFO
SIGILL: [libjvm.so+0x8bd510], sa_mask[0]=11111111011111111101111111111110, sa_flags=SA_RESTART|SA_SIGINFO
SIGUSR1: SIG_DFL, sa_mask[0]=00000000000000000000000000000000, sa_flags=none
SIGUSR2: [libjvm.so+0x8bd3c0], sa_mask[0]=00100000000000000000000000000000, sa_flags=SA_RESTART|SA_SIGINFO
SIGHUP: SIG_DFL, sa_mask[0]=00000000000000000000000000000000, sa_flags=none
SIGINT: SIG_DFL, sa_mask[0]=00000000000000000000000000000000, sa_flags=none
SIGTERM: SIG_DFL, sa_mask[0]=00000000000000000000000000000000, sa_flags=none
SIGQUIT: SIG_DFL, sa_mask[0]=00000000000000000000000000000000, sa_flags=none


---------------  S Y S T E M  ---------------

OS:PRETTY_NAME="Debian GNU/Linux 9 (stretch)"
NAME="Debian GNU/Linux"
VERSION_ID="9"
VERSION="9 (stretch)"
ID=debian
HOME_URL="https://www.debian.org/"
SUPPORT_URL="https://www.debian.org/support"
BUG_REPORT_URL="https://bugs.debian.org/"

uname:Linux 4.9.0-8-amd64 #1 SMP Debian 4.9.130-2 (2018-10-27) x86_64
libc:glibc 2.24 NPTL 2.24 
rlimit: STACK 8192k, CORE 0k, NPROC 7855, NOFILE 4096, AS infinity
load average:1.02 0.47 0.33

/proc/meminfo:
MemTotal:        2033688 kB
MemFree:           71076 kB
MemAvailable:      60988 kB
Buffers:            8276 kB
Cached:           119640 kB
SwapCached:        11508 kB
Active:          1348496 kB
Inactive:         443692 kB
Active(anon):    1298516 kB
Inactive(anon):   389904 kB
Active(file):      49980 kB
Inactive(file):    53788 kB
Unevictable:          16 kB
Mlocked:              16 kB
SwapTotal:        522236 kB
SwapFree:         209648 kB
Dirty:               656 kB
Writeback:             0 kB
AnonPages:       1654080 kB
Mapped:            91148 kB
Shmem:             23892 kB
Slab:              66304 kB
SReclaimable:      26780 kB
SUnreclaim:        39524 kB
KernelStack:       11248 kB
PageTables:        38004 kB
NFS_Unstable:          0 kB
Bounce:                0 kB
WritebackTmp:          0 kB
CommitLimit:     1539080 kB
Committed_AS:    6618128 kB
VmallocTotal:   34359738367 kB
VmallocUsed:           0 kB
VmallocChunk:          0 kB
HardwareCorrupted:     0 kB
AnonHugePages:      2048 kB
ShmemHugePages:        0 kB
ShmemPmdMapped:        0 kB
HugePages_Total:       0
HugePages_Free:        0
HugePages_Rsvd:        0
HugePages_Surp:        0
Hugepagesize:       2048 kB
DirectMap4k:      132992 kB
DirectMap2M:     1964032 kB
DirectMap1G:           0 kB


CPU:total 4 (initial active 4) (2 cores per cpu, 1 threads per core) family 6 model 94 stepping 3, cmov, cx8, fxsr, mmx, sse, sse2, sse3, ssse3, sse4.1, sse4.2, popcnt, avx, avx2, aes, clmul, erms, rtm, 3dnowpref, lzcnt, tsc, tscinvbit, bmi1, bmi2, adx

/proc/cpuinfo:
processor	: 0
vendor_id	: GenuineIntel
cpu family	: 6
model		: 94
model name	: Intel(R) Core(TM) i5-6600K CPU @ 3.50GHz
stepping	: 3
microcode	: 0xc2
cpu MHz		: 3503.164
cache size	: 6144 KB
physical id	: 0
siblings	: 2
core id		: 0
cpu cores	: 2
apicid		: 0
initial apicid	: 0
fpu		: yes
fpu_exception	: yes
cpuid level	: 22
wp		: yes
flags		: fpu vme de pse tsc msr pae mce cx8 apic sep mtrr pge mca cmov pat pse36 clflush mmx fxsr sse sse2 ss ht syscall nx pdpe1gb rdtscp lm constant_tsc arch_perfmon nopl xtopology tsc_reliable nonstop_tsc pni pclmulqdq ssse3 fma cx16 pcid sse4_1 sse4_2 x2apic movbe popcnt tsc_deadline_timer aes xsave avx f16c rdrand hypervisor lahf_lm abm 3dnowprefetch invpcid_single kaiser fsgsbase tsc_adjust bmi1 hle avx2 smep bmi2 invpcid rtm mpx rdseed adx smap clflushopt xsaveopt xsavec xsaves arat
bugs		: cpu_meltdown spectre_v1 spectre_v2 spec_store_bypass l1tf
bogomips	: 7008.00
clflush size	: 64
cache_alignment	: 64
address sizes	: 43 bits physical, 48 bits virtual
power management:

processor	: 1
vendor_id	: GenuineIntel
cpu family	: 6
model		: 94
model name	: Intel(R) Core(TM) i5-6600K CPU @ 3.50GHz
stepping	: 3
microcode	: 0xc2
cpu MHz		: 3503.164
cache size	: 6144 KB
physical id	: 0
siblings	: 2
core id		: 1
cpu cores	: 2
apicid		: 1
initial apicid	: 1
fpu		: yes
fpu_exception	: yes
cpuid level	: 22
wp		: yes
flags		: fpu vme de pse tsc msr pae mce cx8 apic sep mtrr pge mca cmov pat pse36 clflush mmx fxsr sse sse2 ss ht syscall nx pdpe1gb rdtscp lm constant_tsc arch_perfmon nopl xtopology tsc_reliable nonstop_tsc pni pclmulqdq ssse3 fma cx16 pcid sse4_1 sse4_2 x2apic movbe popcnt tsc_deadline_timer aes xsave avx f16c rdrand hypervisor lahf_lm abm 3dnowprefetch invpcid_single kaiser fsgsbase tsc_adjust bmi1 hle avx2 smep bmi2 invpcid rtm mpx rdseed adx smap clflushopt xsaveopt xsavec xsaves arat
bugs		: cpu_meltdown spectre_v1 spectre_v2 spec_store_bypass l1tf
bogomips	: 7008.00
clflush size	: 64
cache_alignment	: 64
address sizes	: 43 bits physical, 48 bits virtual
power management:

processor	: 2
vendor_id	: GenuineIntel
cpu family	: 6
model		: 94
model name	: Intel(R) Core(TM) i5-6600K CPU @ 3.50GHz
stepping	: 3
microcode	: 0xc2
cpu MHz		: 3503.164
cache size	: 6144 KB
physical id	: 1
siblings	: 2
core id		: 0
cpu cores	: 2
apicid		: 2
initial apicid	: 2
fpu		: yes
fpu_exception	: yes
cpuid level	: 22
wp		: yes
flags		: fpu vme de pse tsc msr pae mce cx8 apic sep mtrr pge mca cmov pat pse36 clflush mmx fxsr sse sse2 ss ht syscall nx pdpe1gb rdtscp lm constant_tsc arch_perfmon nopl xtopology tsc_reliable nonstop_tsc pni pclmulqdq ssse3 fma cx16 pcid sse4_1 sse4_2 x2apic movbe popcnt tsc_deadline_timer aes xsave avx f16c rdrand hypervisor lahf_lm abm 3dnowprefetch invpcid_single kaiser fsgsbase tsc_adjust bmi1 hle avx2 smep bmi2 invpcid rtm mpx rdseed adx smap clflushopt xsaveopt xsavec xsaves arat
bugs		: cpu_meltdown spectre_v1 spectre_v2 spec_store_bypass l1tf
bogomips	: 7008.00
clflush size	: 64
cache_alignment	: 64
address sizes	: 43 bits physical, 48 bits virtual
power management:

processor	: 3
vendor_id	: GenuineIntel
cpu family	: 6
model		: 94
model name	: Intel(R) Core(TM) i5-6600K CPU @ 3.50GHz
stepping	: 3
microcode	: 0xc2
cpu MHz		: 3503.164
cache size	: 6144 KB
physical id	: 1
siblings	: 2
core id		: 1
cpu cores	: 2
apicid		: 3
initial apicid	: 3
fpu		: yes
fpu_exception	: yes
cpuid level	: 22
wp		: yes
flags		: fpu vme de pse tsc msr pae mce cx8 apic sep mtrr pge mca cmov pat pse36 clflush mmx fxsr sse sse2 ss ht syscall nx pdpe1gb rdtscp lm constant_tsc arch_perfmon nopl xtopology tsc_reliable nonstop_tsc pni pclmulqdq ssse3 fma cx16 pcid sse4_1 sse4_2 x2apic movbe popcnt tsc_deadline_timer aes xsave avx f16c rdrand hypervisor lahf_lm abm 3dnowprefetch invpcid_single kaiser fsgsbase tsc_adjust bmi1 hle avx2 smep bmi2 invpcid rtm mpx rdseed adx smap clflushopt xsaveopt xsavec xsaves arat
bugs		: cpu_meltdown spectre_v1 spectre_v2 spec_store_bypass l1tf
bogomips	: 7008.00
clflush size	: 64
cache_alignment	: 64
address sizes	: 43 bits physical, 48 bits virtual
power management:



Memory: 4k page, physical 2033688k(71076k free), swap 522236k(209648k free)

vm_info: OpenJDK 64-Bit Server VM (25.181-b13) for linux-amd64 JRE (1.8.0_181-8u181-b13-2~deb9u1-b13), built on Oct 22 2018 18:05:23 by "pbuilder" with gcc 6.3.0 20170516

time: Mon Mar 25 00:58:51 2019
elapsed time: 0 seconds (0d 0h 0m 0s)

